INFO 2022-07-24 09:58:27,885 autoreload 21358 140551942453056 /home/xbwafi/Desktop/django/AMS/accounts/views.py changed, reloading.
INFO 2022-07-24 09:58:28,202 autoreload 21689 140682262378304 Watching for file changes with StatReloader
INFO 2022-07-24 10:00:44,089 autoreload 21689 140682262378304 /home/xbwafi/Desktop/django/AMS/accounts/views.py changed, reloading.
INFO 2022-07-24 10:00:44,384 autoreload 21832 140524845463360 Watching for file changes with StatReloader
INFO 2022-07-24 10:01:02,770 autoreload 21832 140524845463360 /home/xbwafi/Desktop/django/AMS/home/views.py changed, reloading.
INFO 2022-07-24 10:01:03,111 autoreload 21973 139713076819776 Watching for file changes with StatReloader
INFO 2022-07-24 10:01:11,400 autoreload 21973 139713076819776 /home/xbwafi/Desktop/django/AMS/home/views.py changed, reloading.
INFO 2022-07-24 10:01:11,734 autoreload 22035 140131044169536 Watching for file changes with StatReloader
INFO 2022-07-24 10:04:57,636 autoreload 22035 140131044169536 /home/xbwafi/Desktop/django/AMS/home/views.py changed, reloading.
INFO 2022-07-24 10:04:57,963 autoreload 22174 140290914379584 Watching for file changes with StatReloader
INFO 2022-07-24 10:05:38,552 autoreload 22174 140290914379584 /home/xbwafi/Desktop/django/AMS/home/views.py changed, reloading.
INFO 2022-07-24 10:05:38,865 autoreload 22264 140130553689920 Watching for file changes with StatReloader
INFO 2022-07-24 10:05:47,177 autoreload 22264 140130553689920 /home/xbwafi/Desktop/django/AMS/home/views.py changed, reloading.
INFO 2022-07-24 10:05:47,538 autoreload 22336 139861656196928 Watching for file changes with StatReloader
INFO 2022-07-24 10:06:25,421 basehttp 22336 139861514434304 "GET /logout/ HTTP/1.1" 302 0
INFO 2022-07-24 10:06:25,435 basehttp 22336 139861514434304 "GET / HTTP/1.1" 200 9015
INFO 2022-07-24 10:06:36,700 autoreload 22465 140651284891456 Watching for file changes with StatReloader
INFO 2022-07-24 10:06:41,072 basehttp 22465 140651210274560 "GET / HTTP/1.1" 200 8767
WARNING 2022-07-24 10:06:41,496 log 22465 140651210274560 Not Found: /favicon.ico
WARNING 2022-07-24 10:06:41,496 basehttp 22465 140651210274560 "GET /favicon.ico HTTP/1.1" 404 4482
INFO 2022-07-24 10:06:43,174 basehttp 22465 140651210274560 "POST / HTTP/1.1" 302 0
INFO 2022-07-24 10:06:43,215 basehttp 22465 140651210274560 "GET /dashboard/ HTTP/1.1" 200 32426
INFO 2022-07-24 10:11:57,894 basehttp 22465 140651210274560 "GET /dashboard/ HTTP/1.1" 200 32156
INFO 2022-07-24 10:12:07,597 basehttp 22465 140651210274560 "GET /dashboard/ HTTP/1.1" 200 32171
INFO 2022-07-24 10:12:13,649 basehttp 22465 140651210274560 "GET /dashboard/ HTTP/1.1" 200 32171
INFO 2022-07-24 10:12:29,778 basehttp 22465 140651210274560 "GET /dashboard/ HTTP/1.1" 200 32175
WARNING 2022-07-24 10:12:37,981 log 22465 140651210274560 Not Found: /sm/f07d8d7b2652873f485707eab4f3d300bf1f6f3b42912e189c8933b1b9b3dfde.map
WARNING 2022-07-24 10:12:37,984 basehttp 22465 140651210274560 "GET /sm/f07d8d7b2652873f485707eab4f3d300bf1f6f3b42912e189c8933b1b9b3dfde.map HTTP/1.1" 404 4662
INFO 2022-07-24 10:12:37,986 basehttp 22465 140650985027328 "GET /static/assets/plugins/bootstrap/js/bootstrap.min.js.map HTTP/1.1" 200 217145
INFO 2022-07-24 10:12:37,986 basehttp 22465 140651199936256 "GET /static/assets/plugins/bootstrap/js/bootstrap.js.map HTTP/1.1" 200 289522
WARNING 2022-07-24 10:12:37,994 log 22465 140651210274560 Not Found: /sm/f07d8d7b2652873f485707eab4f3d300bf1f6f3b42912e189c8933b1b9b3dfde.map
WARNING 2022-07-24 10:12:37,994 basehttp 22465 140651210274560 "GET /sm/f07d8d7b2652873f485707eab4f3d300bf1f6f3b42912e189c8933b1b9b3dfde.map HTTP/1.1" 404 4662
INFO 2022-07-24 10:12:38,023 basehttp 22465 140650985027328 "GET /static/assets/main/css/style.css.map HTTP/1.1" 200 43570
INFO 2022-07-24 10:12:38,027 basehttp 22465 140651210274560 "GET /static/assets/plugins/bootstrap/css/bootstrap.min.css.map HTTP/1.1" 200 449111
INFO 2022-07-24 10:13:04,135 basehttp 22465 140651210274560 "GET /dashboard/ HTTP/1.1" 200 32175
INFO 2022-07-24 10:13:04,238 basehttp 22465 140651210274560 "GET /static/assets/main/css/style.css.map HTTP/1.1" 200 43570
INFO 2022-07-24 10:13:04,243 basehttp 22465 140651210274560 "GET /static/assets/plugins/bootstrap/css/bootstrap.min.css.map HTTP/1.1" 200 449111
WARNING 2022-07-24 10:13:04,278 log 22465 140651210274560 Not Found: /sm/f07d8d7b2652873f485707eab4f3d300bf1f6f3b42912e189c8933b1b9b3dfde.map
WARNING 2022-07-24 10:13:04,279 basehttp 22465 140651210274560 "GET /sm/f07d8d7b2652873f485707eab4f3d300bf1f6f3b42912e189c8933b1b9b3dfde.map HTTP/1.1" 404 4662
INFO 2022-07-24 10:13:04,315 basehttp 22465 140650985027328 "GET /static/assets/plugins/bootstrap/js/bootstrap.js.map HTTP/1.1" 200 289522
WARNING 2022-07-24 10:13:04,336 log 22465 140650985027328 Not Found: /sm/f07d8d7b2652873f485707eab4f3d300bf1f6f3b42912e189c8933b1b9b3dfde.map
WARNING 2022-07-24 10:13:04,337 basehttp 22465 140650985027328 "GET /sm/f07d8d7b2652873f485707eab4f3d300bf1f6f3b42912e189c8933b1b9b3dfde.map HTTP/1.1" 404 4662
INFO 2022-07-24 10:13:04,337 basehttp 22465 140651210274560 "GET /static/assets/plugins/bootstrap/js/bootstrap.min.js.map HTTP/1.1" 200 217145
INFO 2022-07-24 10:13:09,743 basehttp 22465 140651210274560 "GET /logout/ HTTP/1.1" 302 0
INFO 2022-07-24 10:13:09,752 basehttp 22465 140651210274560 "GET / HTTP/1.1" 200 9015
INFO 2022-07-24 10:13:22,976 basehttp 22465 140651210274560 "GET /t-login HTTP/1.1" 301 0
INFO 2022-07-24 10:13:22,987 basehttp 22465 140651210274560 "GET /t-login/ HTTP/1.1" 200 9485
INFO 2022-07-24 10:17:24,919 basehttp 22465 140651210274560 "POST /t-login/ HTTP/1.1" 302 0
INFO 2022-07-24 10:17:24,945 basehttp 22465 140651210274560 "GET /Tenant-dashboard/ HTTP/1.1" 200 12161
INFO 2022-07-24 10:20:17,719 basehttp 22465 140651210274560 "GET /Tenant-dashboard/ HTTP/1.1" 200 14202
INFO 2022-07-24 10:20:25,583 basehttp 22465 140651210274560 "GET /Tenant-dashboard/ HTTP/1.1" 200 14202
INFO 2022-07-24 10:20:37,608 basehttp 22465 140651210274560 "GET /Tenant-dashboard/ HTTP/1.1" 200 14109
INFO 2022-07-24 10:21:20,542 basehttp 22465 140651210274560 "GET /Tenant-dashboard/ HTTP/1.1" 200 14064
INFO 2022-07-24 10:21:52,863 basehttp 22465 140651210274560 "GET /Tenant-dashboard/ HTTP/1.1" 200 14064
INFO 2022-07-24 10:22:08,525 basehttp 22465 140651210274560 "GET /Tenant-dashboard/ HTTP/1.1" 200 14064
INFO 2022-07-24 10:22:28,121 basehttp 22465 140651210274560 "GET /Tenant-dashboard/ HTTP/1.1" 200 14059
INFO 2022-07-24 10:22:43,976 basehttp 22465 140651210274560 "GET /home/complain HTTP/1.1" 200 14104
INFO 2022-07-24 10:22:46,578 basehttp 22465 140651210274560 "GET /Tenant-dashboard/tenant-details HTTP/1.1" 200 11841
INFO 2022-07-24 10:22:46,604 basehttp 22465 140651210274560 "GET /media/tenant/fdfdf.jpg HTTP/1.1" 304 0
INFO 2022-07-24 10:22:52,638 basehttp 22465 140651210274560 "GET /Tenant-dashboard/ HTTP/1.1" 200 14059
INFO 2022-07-24 10:23:36,279 basehttp 22465 140651210274560 "GET /t-logout/ HTTP/1.1" 302 0
INFO 2022-07-24 10:23:36,292 basehttp 22465 140651210274560 "GET /t-login/ HTTP/1.1" 200 9733
INFO 2022-07-24 10:37:04,425 autoreload 25453 139888465319744 Watching for file changes with StatReloader
